2024-06-28 20:59:06,703 - utils - INFO - Чтение файла JSON
2024-06-28 20:59:06,705 - utils - INFO - Чтение файла CSV
2024-06-28 20:59:06,711 - utils - INFO - Чтение файла XLSX
2024-06-29 16:13:05,853 INFO Чтение файла JSON
2024-06-29 16:13:05,858 INFO Чтение файла CSV
2024-06-29 16:13:05,872 INFO Чтение файла XLSX
2024-06-29 16:13:21,872 INFO Чтение файла JSON
2024-06-29 16:13:21,874 INFO Чтение файла CSV
2024-06-29 16:13:21,879 INFO Чтение файла XLSX
2024-06-29 16:15:14,152 INFO Чтение файла JSON
2024-06-29 16:15:14,153 INFO Чтение файла CSV
2024-06-29 16:15:14,158 INFO Чтение файла XLSX
2024-06-29 16:45:15,603 INFO Чтение файла JSON
2024-06-29 16:45:15,604 INFO Чтение файла CSV
2024-06-29 16:45:15,610 INFO Чтение файла XLSX
2024-06-29 17:00:11,655 INFO Чтение файла JSON
2024-06-29 17:00:11,657 INFO Чтение файла CSV
2024-06-29 17:00:11,662 INFO Чтение файла XLSX
2024-06-29 17:02:01,450 INFO Чтение файла JSON
2024-06-29 17:02:01,451 INFO Чтение файла CSV
2024-06-29 17:02:01,456 INFO Чтение файла XLSX
2024-06-29 17:04:39,582 INFO Чтение файла JSON
2024-06-29 17:04:39,584 INFO Чтение файла CSV
2024-06-29 17:04:39,589 INFO Чтение файла XLSX
2024-06-29 17:06:01,751 INFO Чтение файла JSON
2024-06-29 17:06:01,752 INFO Чтение файла CSV
2024-06-29 17:06:01,758 INFO Чтение файла XLSX
2024-06-29 17:07:37,933 INFO Чтение файла JSON
2024-06-29 17:07:37,935 INFO Чтение файла CSV
2024-06-29 17:07:37,940 INFO Чтение файла XLSX
2024-06-29 17:08:36,923 INFO Чтение файла JSON
2024-06-29 17:08:36,924 INFO Чтение файла CSV
2024-06-29 17:08:36,930 INFO Чтение файла XLSX
2024-06-29 17:09:53,292 INFO Чтение файла JSON
2024-06-29 17:09:53,294 INFO Чтение файла CSV
2024-06-29 17:09:53,300 INFO Чтение файла XLSX
2024-06-29 17:11:08,004 INFO Чтение файла JSON
2024-06-29 17:11:08,005 INFO Чтение файла CSV
2024-06-29 17:11:08,011 INFO Чтение файла XLSX
2024-06-29 17:12:33,248 INFO Чтение файла JSON
2024-06-29 17:12:33,250 INFO Чтение файла CSV
2024-06-29 17:12:33,256 INFO Чтение файла XLSX
2024-06-29 17:14:20,199 INFO Чтение файла JSON
2024-06-29 17:14:20,200 INFO Чтение файла CSV
2024-06-29 17:14:20,205 INFO Чтение файла XLSX
2024-06-29 17:15:49,326 INFO Чтение файла JSON
2024-06-29 17:15:49,328 INFO Чтение файла CSV
2024-06-29 17:15:49,333 INFO Чтение файла XLSX
2024-06-29 17:17:25,169 INFO Чтение файла JSON
2024-06-29 17:17:25,170 INFO Чтение файла CSV
2024-06-29 17:17:25,176 INFO Чтение файла XLSX
2024-06-29 17:19:45,561 INFO Чтение файла JSON
2024-06-29 17:19:45,562 INFO Чтение файла CSV
2024-06-29 17:19:45,567 INFO Чтение файла XLSX
2024-06-29 17:40:17,439 INFO Чтение файла JSON
2024-06-29 17:40:17,440 INFO Чтение файла CSV
2024-06-29 17:40:17,445 INFO Чтение файла XLSX
2024-06-29 17:41:28,825 INFO Чтение файла JSON
2024-06-29 17:41:28,827 INFO Чтение файла CSV
2024-06-29 17:41:28,832 INFO Чтение файла XLSX
2024-06-29 17:42:43,948 INFO Чтение файла JSON
2024-06-29 17:42:43,949 INFO Чтение файла CSV
2024-06-29 17:42:43,955 INFO Чтение файла XLSX
2024-06-29 17:44:13,422 INFO Чтение файла JSON
2024-06-29 17:44:13,423 INFO Чтение файла CSV
2024-06-29 17:44:13,429 INFO Чтение файла XLSX
2024-06-29 17:45:25,183 INFO Чтение файла JSON
2024-06-29 17:45:25,184 INFO Чтение файла CSV
2024-06-29 17:45:25,189 INFO Чтение файла XLSX
2024-06-29 17:47:57,404 INFO Чтение файла JSON
2024-06-29 17:47:57,405 INFO Чтение файла CSV
2024-06-29 17:47:57,410 INFO Чтение файла XLSX
2024-06-29 17:50:06,348 INFO Чтение файла JSON
2024-06-29 17:50:06,349 INFO Чтение файла CSV
2024-06-29 17:50:06,355 INFO Чтение файла XLSX
2024-06-29 17:52:02,168 INFO Чтение файла JSON
2024-06-29 17:52:02,169 INFO Чтение файла CSV
2024-06-29 17:52:02,175 INFO Чтение файла XLSX
2024-06-29 17:52:50,204 INFO Чтение файла JSON
2024-06-29 17:52:50,205 INFO Чтение файла CSV
2024-06-29 17:52:50,210 INFO Чтение файла XLSX
2024-06-29 17:53:27,350 INFO Чтение файла JSON
2024-06-29 17:53:27,351 INFO Чтение файла CSV
2024-06-29 17:53:27,357 INFO Чтение файла XLSX
2024-06-29 17:54:49,512 INFO Чтение файла JSON
2024-06-29 17:54:49,513 INFO Чтение файла CSV
2024-06-29 17:54:49,518 INFO Чтение файла XLSX
2024-06-29 17:56:18,360 INFO Чтение файла JSON
2024-06-29 17:56:18,361 INFO Чтение файла CSV
2024-06-29 17:56:18,367 INFO Чтение файла XLSX
2024-06-29 17:58:09,467 INFO Чтение файла JSON
2024-06-29 17:58:09,469 INFO Чтение файла CSV
2024-06-29 17:58:09,474 INFO Чтение файла XLSX
2024-06-29 17:59:35,738 INFO Чтение файла JSON
2024-06-29 17:59:35,739 INFO Чтение файла CSV
2024-06-29 17:59:35,745 INFO Чтение файла XLSX
2024-06-29 18:01:16,467 INFO Чтение файла JSON
2024-06-29 18:01:16,469 INFO Чтение файла CSV
2024-06-29 18:01:16,475 INFO Чтение файла XLSX
2024-06-29 18:01:29,701 INFO Чтение файла JSON
2024-06-29 18:01:29,702 INFO Чтение файла CSV
2024-06-29 18:01:29,708 INFO Чтение файла XLSX
2024-06-29 18:03:38,571 INFO Чтение файла JSON
2024-06-29 18:03:38,572 INFO Чтение файла CSV
2024-06-29 18:03:38,579 INFO Чтение файла XLSX
2024-06-29 18:04:56,018 INFO Чтение файла JSON
2024-06-29 18:04:56,019 INFO Чтение файла CSV
2024-06-29 18:04:56,025 INFO Чтение файла XLSX
2024-06-29 18:05:56,954 INFO Чтение файла JSON
2024-06-29 18:05:56,956 INFO Чтение файла CSV
2024-06-29 18:05:56,961 INFO Чтение файла XLSX
2024-06-30 15:51:06,986 INFO Чтение файла JSON
2024-06-30 15:51:06,987 ERROR File not found: data/transactions.json
2024-06-30 15:51:12,487 INFO Чтение файла CSV
2024-06-30 15:51:12,489 ERROR File not found: data/transactions.csv
2024-06-30 15:51:34,631 INFO Чтение файла JSON
2024-06-30 15:51:34,636 INFO Чтение файла CSV
2024-06-30 15:51:34,648 INFO Чтение файла XLSX
2024-06-30 15:52:00,329 INFO Чтение файла JSON
2024-06-30 15:52:00,329 ERROR File not found: data/transactions.json
2024-06-30 15:55:20,133 INFO Чтение файла JSON
2024-06-30 15:55:20,133 ERROR File not found: data/transactions.json
2024-06-30 15:56:09,894 INFO Чтение файла CSV
2024-06-30 15:56:09,895 ERROR File not found: data/transactions.csv
2024-06-30 15:56:21,284 INFO Чтение файла JSON
2024-06-30 15:56:21,284 ERROR File not found: data/transactions.json
2024-06-30 15:59:05,489 INFO Чтение файла CSV
2024-06-30 16:20:53,026 INFO Чтение файла JSON
2024-06-30 16:20:53,032 INFO Чтение файла CSV
2024-06-30 16:20:53,041 INFO Чтение файла XLSX
2024-06-30 16:32:25,623 INFO Чтение файла JSON
2024-06-30 16:32:25,625 INFO Чтение файла CSV
2024-06-30 16:32:25,630 INFO Чтение файла XLSX
2024-06-30 16:34:40,026 INFO Чтение файла JSON
2024-06-30 16:34:40,028 INFO Чтение файла CSV
2024-06-30 16:34:40,034 INFO Чтение файла XLSX
2024-06-30 16:38:30,237 INFO Чтение файла JSON
2024-06-30 16:38:30,239 INFO Чтение файла CSV
2024-06-30 16:38:30,244 INFO Чтение файла XLSX
2024-06-30 16:38:56,305 INFO Чтение файла JSON
2024-06-30 16:38:56,306 INFO Чтение файла CSV
2024-06-30 16:38:56,312 INFO Чтение файла XLSX
2024-06-30 16:43:33,876 INFO Чтение файла JSON
2024-06-30 16:43:33,878 INFO Чтение файла CSV
2024-06-30 16:43:33,883 INFO Чтение файла XLSX
